Flutter crash report.
Please report a bug at https://github.com/flutter/flutter/issues.

## command

flutter run -d 00008140-000265201893C01C

## exception

RPCError: _deleteDevFS: (1002) File system does not exist
_deleteDevFS: file system 'SpaceRented' does not exist

```
#0      new _OutstandingRequest (package:vm_service/src/vm_service.dart:268:34)
#1      VmService._call.<anonymous closure> (package:vm_service/src/vm_service.dart:1950:25)
#2      VmService._call (package:vm_service/src/vm_service.dart:1962:8)
#3      VmService.callServiceExtension (package:vm_service/src/vm_service.dart:1901:14)
#4      FlutterVmService._checkedCallServiceExtension (package:flutter_tools/src/vmservice.dart:771:28)
#5      FlutterVmService.deleteDevFS (package:flutter_tools/src/vmservice.dart:938:11)
#6      DevFS.destroy (package:flutter_tools/src/devfs.dart:545:22)
#7      DevFS.create (package:flutter_tools/src/devfs.dart:535:13)
<asynchronous suspension>
#8      HotRunner._initDevFS (package:flutter_tools/src/run_hot.dart:482:9)
<asynchronous suspension>
#9      HotRunner._attach (package:flutter_tools/src/run_hot.dart:280:35)
<asynchronous suspension>
#10     RunCommand.runCommand (package:flutter_tools/src/commands/run.dart:891:27)
<asynchronous suspension>
#11     FlutterCommand.run.<anonymous closure> (package:flutter_tools/src/runner/flutter_command.dart:1559:27)
<asynchronous suspension>
#12     AppContext.run.<anonymous closure> (package:flutter_tools/src/base/context.dart:154:19)
<asynchronous suspension>
#13     CommandRunner.runCommand (package:args/command_runner.dart:212:13)
<asynchronous suspension>
#14     FlutterCommandRunner.runCommand.<anonymous closure> (package:flutter_tools/src/runner/flutter_command_runner.dart:487:9)
<asynchronous suspension>
#15     AppContext.run.<anonymous closure> (package:flutter_tools/src/base/context.dart:154:19)
<asynchronous suspension>
#16     FlutterCommandRunner.runCommand (package:flutter_tools/src/runner/flutter_command_runner.dart:422:5)
<asynchronous suspension>
#17     run.<anonymous closure>.<anonymous closure> (package:flutter_tools/runner.dart:101:11)
<asynchronous suspension>
#18     AppContext.run.<anonymous closure> (package:flutter_tools/src/base/context.dart:154:19)
<asynchronous suspension>
#19     main (package:flutter_tools/executable.dart:103:3)
<asynchronous suspension>
```

## flutter doctor

```
[✓] Flutter (Channel stable, 3.38.1, on macOS 15.3 24D60 darwin-arm64, locale pt-BR) [2,1s]
    • Flutter version 3.38.1 on channel stable at /opt/homebrew/share/flutter
    • Upstream repository https://github.com/flutter/flutter.git
    • Framework revision b45fa18946 (2 days ago), 2025-11-12 22:09:06 -0600
    • Engine revision b5990e5ccc
    • Dart version 3.10.0
    • DevTools version 2.51.1
    • Feature flags: enable-web, enable-linux-desktop, enable-macos-desktop, enable-windows-desktop, enable-android, enable-ios, cli-animations, enable-native-assets, omit-legacy-version-file, enable-lldb-debugging

[!] Android toolchain - develop for Android devices (Android SDK version 31.0.0) [10,6s]
    • Android SDK at /Users/glauberfo/Library/Android/sdk
    • Emulator version 30.8.4.0 (build_id 7600983) (CL:N/A)
    ✗ Flutter requires Android SDK 36 and the Android BuildTools 28.0.3
      To update the Android SDK visit https://flutter.dev/to/macos-android-setup for detailed instructions.
    ! Some Android licenses not accepted. To resolve this, run: flutter doctor --android-licenses

[✓] Xcode - develop for iOS and macOS (Xcode 16.4) [5,2s]
    • Xcode at /Applications/Xcode.app/Contents/Developer
    • Build 16F6
    • CocoaPods version 1.16.2

[✓] Chrome - develop for the web [7ms]
    • Chrome at /Applications/Google Chrome.app/Contents/MacOS/Google Chrome

[✓] Connected device (3 available) [9,2s]
    • iPhone (2) (mobile) • 00008140-000265201893C01C • ios            • iOS 26.2 23C5033h
    • macOS (desktop)     • macos                     • darwin-arm64   • macOS 15.3 24D60 darwin-arm64
    • Chrome (web)        • chrome                    • web-javascript • Google Chrome 142.0.7444.162

[✓] Network resources [373ms]
    • All expected network resources are available.

! Doctor found issues in 1 category.
```
